<?xml version="1.0" encoding="UTF-8"?>
<testng-results ignored="0" total="1" passed="1" failed="0" skipped="0">
  <reporter-output>
  </reporter-output>
  <suite started-at="2025-11-20T14:48:41 IST" name="Default suite" finished-at="2025-11-20T14:48:42 IST" duration-ms="1487">
    <groups>
    </groups>
    <test started-at="2025-11-20T14:48:41 IST" name="Default test" finished-at="2025-11-20T14:48:42 IST" duration-ms="1487">
      <class name="test.Get_user1">
        <test-method signature="get()[pri:0, instance:test.Get_user1@49139829]" started-at="2025-11-20T14:48:41 IST" name="get" finished-at="2025-11-20T14:48:42 IST" duration-ms="1455" status="PASS">
          <reporter-output>
          </reporter-output>
        </test-method> <!-- get -->
      </class> <!-- test.Get_user1 -->
    </test> <!-- Default test -->
  </suite> <!-- Default suite -->
</testng-results>
