<?xml version="1.0" encoding="UTF-8"?>
<!-- Generated by org.testng.reporters.JUnitReportReporter -->
<testsuite hostname="BOOK-P2983KKIHJ" failures="0" tests="3" name="ApiScript.test" time="0.010" errors="0" timestamp="2025-11-20T12:12:28 IST" skipped="0">
  <testcase classname="ApiScript.test" name="Frequency" time="0.005"/>
  <testcase classname="ApiScript.test" name="Rotation" time="0.004"/>
  <testcase classname="ApiScript.test" name="Array" time="0.001"/>
</testsuite> <!-- ApiScript.test -->
